<?xml version="1.0" encoding="UTF-8"?>
<testng-results ignored="0" total="1" passed="1" failed="0" skipped="0">
  <reporter-output>
  </reporter-output>
  <suite started-at="2019-09-06T00:29:42 IST" name="Default suite" finished-at="2019-09-06T00:29:43 IST" duration-ms="1467">
    <groups>
    </groups>
    <test started-at="2019-09-06T00:29:42 IST" name="Default test" finished-at="2019-09-06T00:29:43 IST" duration-ms="1467">
      <class name="mvnjavaseleniumpkg.Calling">
        <test-method signature="call()[pri:0, instance:mvnjavaseleniumpkg.Calling@37883b97]" started-at="2019-09-06T00:29:42 IST" name="call" finished-at="2019-09-06T00:29:43 IST" duration-ms="1373" status="PASS">
          <reporter-output>
          </reporter-output>
        </test-method> <!-- call -->
      </class> <!-- mvnjavaseleniumpkg.Calling -->
    </test> <!-- Default test -->
  </suite> <!-- Default suite -->
</testng-results>
